<?xml version="1.0" encoding="UTF-8"?>
<robot generator="Robot 4.0.3 (Python 3.9.2 on win32)" generated="20210613 12:47:33.307" rpa="false" schemaversion="2">
<suite id="s1" name="File" source="C:\Users\Nithin\PycharmProjects\pythonProject\PYTHON_WORLD\6_practice\robot\resorce\file.robot">
<test id="s1-t1" name="rob">
<kw name="Add" library="common">
<arg>2</arg>
<arg>4</arg>
<kw name="Evaluate" library="BuiltIn">
<var>${c}</var>
<arg>${a}+${b}</arg>
<doc>Evaluates the given expression in Python and returns the result.</doc>
<msg timestamp="20210613 12:47:33.339" level="INFO">${c} = 6</msg>
<status status="PASS" starttime="20210613 12:47:33.339" endtime="20210613 12:47:33.339"/>
</kw>
<kw name="Log" library="BuiltIn">
<arg>${c}</arg>
<arg>WARN</arg>
<doc>Logs the given message with the given level.</doc>
<msg timestamp="20210613 12:47:33.339" level="WARN">6</msg>
<status status="PASS" starttime="20210613 12:47:33.339" endtime="20210613 12:47:33.339"/>
</kw>
<status status="PASS" starttime="20210613 12:47:33.339" endtime="20210613 12:47:33.339"/>
</kw>
<status status="PASS" starttime="20210613 12:47:33.339" endtime="20210613 12:47:33.339"/>
</test>
<doc>impoertng redorce</doc>
<status status="PASS" starttime="20210613 12:47:33.307" endtime="20210613 12:47:33.339"/>
</suite>
<statistics>
<total>
<stat pass="1" fail="0" skip="0">All Tests</stat>
</total>
<tag>
</tag>
<suite>
<stat pass="1" fail="0" skip="0" id="s1" name="File">File</stat>
</suite>
</statistics>
<errors>
<msg timestamp="20210613 12:47:33.339" level="WARN">6</msg>
</errors>
</robot>
