<?xml version="1.0" encoding="UTF-8"?>
<robot generator="Robot 4.0.3 (Python 3.9.2 on win32)" generated="20210528 01:31:06.152" rpa="false" schemaversion="2">
<suite id="s1" name="1 First test" source="D:\PYTHON_WORLD\ROBOT\0_Documents\1_First_test.robot">
<test id="s1-t1" name="testcase1">
<kw name="Log To Console" library="BuiltIn">
<arg>\nTEST CASE ONE</arg>
<doc>Logs the given message to the console.</doc>
<status status="PASS" starttime="20210528 01:31:06.176" endtime="20210528 01:31:06.176"/>
</kw>
<status status="PASS" starttime="20210528 01:31:06.176" endtime="20210528 01:31:06.184"/>
</test>
<test id="s1-t2" name="testcase2">
<kw name="Log To Console" library="BuiltIn">
<arg>\nTEST CASE TWO</arg>
<doc>Logs the given message to the console.</doc>
<status status="PASS" starttime="20210528 01:31:06.184" endtime="20210528 01:31:06.184"/>
</kw>
<status status="PASS" starttime="20210528 01:31:06.184" endtime="20210528 01:31:06.184"/>
</test>
<test id="s1-t3" name="TestCase3">
<kw name="Log To Console" library="BuiltIn">
<arg>\nTEST CASE THREE</arg>
<doc>Logs the given message to the console.</doc>
<status status="PASS" starttime="20210528 01:31:06.184" endtime="20210528 01:31:06.192"/>
</kw>
<status status="PASS" starttime="20210528 01:31:06.184" endtime="20210528 01:31:06.192"/>
</test>
<doc>To know how to create test cases</doc>
<status status="PASS" starttime="20210528 01:31:06.152" endtime="20210528 01:31:06.192"/>
</suite>
<statistics>
<total>
<stat pass="3" fail="0" skip="0">All Tests</stat>
</total>
<tag>
</tag>
<suite>
<stat pass="3" fail="0" skip="0" id="s1" name="1 First test">1 First test</stat>
</suite>
</statistics>
<errors>
</errors>
</robot>
