<?xml version="1.0" encoding="UTF-8"?>
<robot generator="Robot 4.0.3 (Python 3.7.9 on win32)" generated="20210531 07:47:53.251" rpa="false" schemaversion="2">
<suite id="s1" name="TEST SUITE" source="C:\Users\smellamp\OneDrive - Cisco\Documents\ONLINE_CLASS\2_ROBOT\10_Execution_Options\TEST_SUITE.robot">
<test id="s1-t1" name="Testcase:1">
<kw name="Convert To Lower Case" library="String">
<var>${str1}</var>
<arg>ABC</arg>
<doc>Converts string to lower case.</doc>
<msg timestamp="20210531 07:47:53.290" level="INFO">${str1} = abc</msg>
<status status="PASS" starttime="20210531 07:47:53.289" endtime="20210531 07:47:53.290"/>
</kw>
<kw name="Sleep" library="BuiltIn">
<arg>0s</arg>
<doc>Pauses the test executed for the given time.</doc>
<msg timestamp="20210531 07:47:53.291" level="INFO">Slept 0 seconds</msg>
<status status="PASS" starttime="20210531 07:47:53.290" endtime="20210531 07:47:53.291"/>
</kw>
<kw name="Log" library="BuiltIn">
<arg>TestCase 1 ==&gt; ${ONE} :: ${TWO}</arg>
<arg>WARN</arg>
<doc>Logs the given message with the given level.</doc>
<msg timestamp="20210531 07:47:53.292" level="WARN">TestCase 1 ==&gt; 99 :: RRR</msg>
<status status="PASS" starttime="20210531 07:47:53.291" endtime="20210531 07:47:53.292"/>
</kw>
<status status="PASS" starttime="20210531 07:47:53.289" endtime="20210531 07:47:53.292"/>
</test>
<test id="s1-t2" name="Testcase:2">
<kw name="Sleep" library="BuiltIn">
<arg>0s</arg>
<doc>Pauses the test executed for the given time.</doc>
<msg timestamp="20210531 07:47:53.292" level="INFO">Slept 0 seconds</msg>
<status status="PASS" starttime="20210531 07:47:53.292" endtime="20210531 07:47:53.292"/>
</kw>
<kw name="Log" library="BuiltIn">
<arg>TestCase 2</arg>
<arg>WARN</arg>
<doc>Logs the given message with the given level.</doc>
<msg timestamp="20210531 07:47:53.293" level="WARN">TestCase 2</msg>
<status status="PASS" starttime="20210531 07:47:53.293" endtime="20210531 07:47:53.293"/>
</kw>
<status status="PASS" starttime="20210531 07:47:53.292" endtime="20210531 07:47:53.293"/>
</test>
<test id="s1-t3" name="Add">
<kw name="Sleep" library="BuiltIn">
<arg>0s</arg>
<doc>Pauses the test executed for the given time.</doc>
<msg timestamp="20210531 07:47:53.294" level="INFO">Slept 0 seconds</msg>
<status status="PASS" starttime="20210531 07:47:53.294" endtime="20210531 07:47:53.294"/>
</kw>
<kw name="Log" library="BuiltIn">
<arg>TCase 3</arg>
<arg>WARN</arg>
<doc>Logs the given message with the given level.</doc>
<msg timestamp="20210531 07:47:53.296" level="WARN">TCase 3</msg>
<status status="PASS" starttime="20210531 07:47:53.296" endtime="20210531 07:47:53.296"/>
</kw>
<status status="PASS" starttime="20210531 07:47:53.294" endtime="20210531 07:47:53.296"/>
</test>
<doc>To know how many options to run ro bobot file</doc>
<status status="PASS" starttime="20210531 07:47:53.254" endtime="20210531 07:47:53.297"/>
</suite>
<statistics>
<total>
<stat pass="3" fail="0" skip="0">All Tests</stat>
</total>
<tag>
</tag>
<suite>
<stat pass="3" fail="0" skip="0" id="s1" name="TEST SUITE">TEST SUITE</stat>
</suite>
</statistics>
<errors>
<msg timestamp="20210531 07:47:53.292" level="WARN">TestCase 1 ==&gt; 99 :: RRR</msg>
<msg timestamp="20210531 07:47:53.293" level="WARN">TestCase 2</msg>
<msg timestamp="20210531 07:47:53.296" level="WARN">TCase 3</msg>
</errors>
</robot>
