<?xml version="1.0" encoding="UTF-8"?>
<robot generator="Robot 4.0.1 (Python 3.9.2 on win32)" generated="20210612 22:03:31.231" rpa="false" schemaversion="2">
<suite id="s1" name="List" source="C:\Users\Nithin\PycharmProjects\pythonProject\PYTHON_WORLD\6_practice\robot\variables\list.robot">
<test id="s1-t1" name="Test">
<kw name="Log" library="BuiltIn">
<arg>@{lis} List</arg>
<arg>ERROR</arg>
<doc>Logs the given message with the given level.</doc>
<msg timestamp="20210612 22:03:31.262" level="ERROR">["'nithin',naveen,11,22"] List</msg>
<status status="PASS" starttime="20210612 22:03:31.262" endtime="20210612 22:03:31.262"/>
</kw>
<status status="PASS" starttime="20210612 22:03:31.262" endtime="20210612 22:03:31.262"/>
</test>
<status status="PASS" starttime="20210612 22:03:31.231" endtime="20210612 22:03:31.262"/>
</suite>
<statistics>
<total>
<stat pass="1" fail="0" skip="0">All Tests</stat>
</total>
<tag>
</tag>
<suite>
<stat pass="1" fail="0" skip="0" id="s1" name="List">List</stat>
</suite>
</statistics>
<errors>
<msg timestamp="20210612 22:03:31.231" level="ERROR">Error in file 'C:\Users\Nithin\PycharmProjects\pythonProject\PYTHON_WORLD\6_practice\robot\variables\list.robot' on line 2: Non-existing setting 'Documentation list'. Did you mean:
    Documentation</msg>
<msg timestamp="20210612 22:03:31.262" level="ERROR">["'nithin',naveen,11,22"] List</msg>
</errors>
</robot>
