<?xml version="1.0" encoding="UTF-8"?>
<robot generator="Robot 4.0.3 (Python 3.9.2 on win32)" generated="20210528 14:12:27.506" rpa="false" schemaversion="2">
<suite id="s1" name="1 Scalar" source="D:\PYTHON_WORLD\ROBOT\1_variables\1_scalar.robot">
<test id="s1-t1" name="Scalar Operations">
<kw name="Log" library="BuiltIn">
<arg>${NAME}</arg>
<arg>WARN</arg>
<doc>Logs the given message with the given level.</doc>
<msg timestamp="20210528 14:12:27.538" level="WARN">Sri</msg>
<status status="PASS" starttime="20210528 14:12:27.538" endtime="20210528 14:12:27.538"/>
</kw>
<status status="PASS" starttime="20210528 14:12:27.538" endtime="20210528 14:12:27.538"/>
</test>
<doc>To know how to do scalar operations</doc>
<status status="PASS" starttime="20210528 14:12:27.506" endtime="20210528 14:12:27.538"/>
</suite>
<statistics>
<total>
<stat pass="1" fail="0" skip="0">All Tests</stat>
</total>
<tag>
</tag>
<suite>
<stat pass="1" fail="0" skip="0" id="s1" name="1 Scalar">1 Scalar</stat>
</suite>
</statistics>
<errors>
<msg timestamp="20210528 14:12:27.538" level="WARN">Sri</msg>
</errors>
</robot>
