<?xml version="1.0" encoding="UTF-8"?>
<robot generator="Robot 4.0.3 (Python 3.9.2 on win32)" generated="20210614 20:35:20.591" rpa="false" schemaversion="2">
<suite id="s1" name="Tag" source="C:\Users\Nithin\PycharmProjects\pythonProject\PYTHON_WORLD\6_practice\robot\tag.robot">
<test id="s1-t1" name="t1">
<kw name="Log" library="BuiltIn">
<arg>t1</arg>
<arg>ERROR</arg>
<doc>Logs the given message with the given level.</doc>
<msg timestamp="20210614 20:35:20.607" level="ERROR">t1</msg>
<status status="PASS" starttime="20210614 20:35:20.607" endtime="20210614 20:35:20.607"/>
</kw>
<tag>win</tag>
<status status="PASS" starttime="20210614 20:35:20.607" endtime="20210614 20:35:20.607"/>
</test>
<test id="s1-t2" name="t2">
<kw name="Log" library="BuiltIn">
<arg>t2</arg>
<arg>ERROR</arg>
<doc>Logs the given message with the given level.</doc>
<msg timestamp="20210614 20:35:20.607" level="ERROR">t2</msg>
<status status="PASS" starttime="20210614 20:35:20.607" endtime="20210614 20:35:20.623"/>
</kw>
<tag>win</tag>
<status status="PASS" starttime="20210614 20:35:20.607" endtime="20210614 20:35:20.623"/>
</test>
<test id="s1-t3" name="t5">
<kw name="Log" library="BuiltIn">
<arg>t5</arg>
<arg>ERROR</arg>
<doc>Logs the given message with the given level.</doc>
<msg timestamp="20210614 20:35:20.623" level="ERROR">t5</msg>
<status status="PASS" starttime="20210614 20:35:20.623" endtime="20210614 20:35:20.623"/>
</kw>
<tag>Linux</tag>
<status status="PASS" starttime="20210614 20:35:20.623" endtime="20210614 20:35:20.623"/>
</test>
<test id="s1-t4" name="t6">
<kw name="Log" library="BuiltIn">
<arg>t6</arg>
<arg>ERROR</arg>
<doc>Logs the given message with the given level.</doc>
<msg timestamp="20210614 20:35:20.623" level="ERROR">t6</msg>
<status status="PASS" starttime="20210614 20:35:20.623" endtime="20210614 20:35:20.623"/>
</kw>
<tag>Linux</tag>
<status status="PASS" starttime="20210614 20:35:20.623" endtime="20210614 20:35:20.623"/>
</test>
<doc>TAGS</doc>
<status status="PASS" starttime="20210614 20:35:20.591" endtime="20210614 20:35:20.623"/>
</suite>
<statistics>
<total>
<stat pass="4" fail="0" skip="0">All Tests</stat>
</total>
<tag>
<stat pass="2" fail="0" skip="0">Linux</stat>
<stat pass="2" fail="0" skip="0">win</stat>
</tag>
<suite>
<stat pass="4" fail="0" skip="0" id="s1" name="Tag">Tag</stat>
</suite>
</statistics>
<errors>
<msg timestamp="20210614 20:35:20.607" level="ERROR">t1</msg>
<msg timestamp="20210614 20:35:20.607" level="ERROR">t2</msg>
<msg timestamp="20210614 20:35:20.623" level="ERROR">t5</msg>
<msg timestamp="20210614 20:35:20.623" level="ERROR">t6</msg>
</errors>
</robot>
