<?xml version="1.0" encoding="UTF-8"?>
<robot generator="Robot 4.0.3 (Python 3.9.2 on win32)" generated="20210614 20:27:21.445" rpa="false" schemaversion="2">
<suite id="s1" name="Rob" source="C:\Users\Nithin\PycharmProjects\pythonProject\PYTHON_WORLD\6_practice\robo\rob.robot">
<kw name="Log" library="BuiltIn" type="SETUP">
<arg>suite setup</arg>
<arg>ERROR</arg>
<doc>Logs the given message with the given level.</doc>
<msg timestamp="20210614 20:27:21.485" level="ERROR">suite setup</msg>
<status status="PASS" starttime="20210614 20:27:21.477" endtime="20210614 20:27:21.485"/>
</kw>
<test id="s1-t1" name="C1">
<kw name="Log" library="BuiltIn" type="SETUP">
<arg>c1_setup</arg>
<arg>WARN</arg>
<doc>Logs the given message with the given level.</doc>
<msg timestamp="20210614 20:27:21.485" level="WARN">c1_setup</msg>
<status status="PASS" starttime="20210614 20:27:21.485" endtime="20210614 20:27:21.485"/>
</kw>
<kw name="Log" library="BuiltIn">
<arg>c1</arg>
<arg>WARN</arg>
<doc>Logs the given message with the given level.</doc>
<msg timestamp="20210614 20:27:21.485" level="WARN">c1</msg>
<status status="PASS" starttime="20210614 20:27:21.485" endtime="20210614 20:27:21.485"/>
</kw>
<kw name="Log" library="BuiltIn" type="TEARDOWN">
<arg>c1_tear</arg>
<arg>WARN</arg>
<doc>Logs the given message with the given level.</doc>
<msg timestamp="20210614 20:27:21.485" level="WARN">c1_tear</msg>
<status status="PASS" starttime="20210614 20:27:21.485" endtime="20210614 20:27:21.485"/>
</kw>
<status status="PASS" starttime="20210614 20:27:21.485" endtime="20210614 20:27:21.485"/>
</test>
<test id="s1-t2" name="C2">
<kw name="Log" library="BuiltIn" type="SETUP">
<arg>c2_setup</arg>
<arg>WARN</arg>
<doc>Logs the given message with the given level.</doc>
<msg timestamp="20210614 20:27:21.493" level="WARN">c2_setup</msg>
<status status="PASS" starttime="20210614 20:27:21.485" endtime="20210614 20:27:21.493"/>
</kw>
<kw name="Log" library="BuiltIn">
<arg>C2</arg>
<arg>WARN</arg>
<doc>Logs the given message with the given level.</doc>
<msg timestamp="20210614 20:27:21.493" level="WARN">C2</msg>
<status status="PASS" starttime="20210614 20:27:21.493" endtime="20210614 20:27:21.493"/>
</kw>
<kw name="Log" library="BuiltIn" type="TEARDOWN">
<arg>C2_Tear</arg>
<arg>WARN</arg>
<doc>Logs the given message with the given level.</doc>
<msg timestamp="20210614 20:27:21.493" level="WARN">C2_Tear</msg>
<status status="PASS" starttime="20210614 20:27:21.493" endtime="20210614 20:27:21.493"/>
</kw>
<status status="PASS" starttime="20210614 20:27:21.485" endtime="20210614 20:27:21.493"/>
</test>
<kw name="Log" library="BuiltIn" type="TEARDOWN">
<arg>Suite Teardown</arg>
<arg>ERROR</arg>
<doc>Logs the given message with the given level.</doc>
<msg timestamp="20210614 20:27:21.493" level="ERROR">Suite Teardown</msg>
<status status="PASS" starttime="20210614 20:27:21.493" endtime="20210614 20:27:21.501"/>
</kw>
<doc>tear</doc>
<status status="PASS" starttime="20210614 20:27:21.453" endtime="20210614 20:27:21.501"/>
</suite>
<statistics>
<total>
<stat pass="2" fail="0" skip="0">All Tests</stat>
</total>
<tag>
</tag>
<suite>
<stat pass="2" fail="0" skip="0" id="s1" name="Rob">Rob</stat>
</suite>
</statistics>
<errors>
<msg timestamp="20210614 20:27:21.485" level="ERROR">suite setup</msg>
<msg timestamp="20210614 20:27:21.485" level="WARN">c1_setup</msg>
<msg timestamp="20210614 20:27:21.485" level="WARN">c1</msg>
<msg timestamp="20210614 20:27:21.485" level="WARN">c1_tear</msg>
<msg timestamp="20210614 20:27:21.493" level="WARN">c2_setup</msg>
<msg timestamp="20210614 20:27:21.493" level="WARN">C2</msg>
<msg timestamp="20210614 20:27:21.493" level="WARN">C2_Tear</msg>
<msg timestamp="20210614 20:27:21.493" level="ERROR">Suite Teardown</msg>
</errors>
</robot>
