<?xml version="1.0" encoding="UTF-8"?>
<robot generator="Robot 4.0.3 (Python 3.9.2 on win32)" generated="20210612 23:15:23.258" rpa="false" schemaversion="2">
<suite id="s1" name="Key" source="C:\Users\Nithin\PycharmProjects\pythonProject\PYTHON_WORLD\6_practice\robot\keywords(functions)\key.robot">
<test id="s1-t1" name="rob">
<kw name="argss">
<kw name="Log" library="BuiltIn">
<arg>evaluate ${c}+${d}</arg>
<arg>ERROR</arg>
<doc>Logs the given message with the given level.</doc>
<msg timestamp="20210612 23:15:23.289" level="ERROR">evaluate 10+15</msg>
<status status="PASS" starttime="20210612 23:15:23.289" endtime="20210612 23:15:23.289"/>
</kw>
<status status="PASS" starttime="20210612 23:15:23.273" endtime="20210612 23:15:23.289"/>
</kw>
<status status="PASS" starttime="20210612 23:15:23.273" endtime="20210612 23:15:23.289"/>
</test>
<doc>keywors</doc>
<status status="PASS" starttime="20210612 23:15:23.258" endtime="20210612 23:15:23.289"/>
</suite>
<statistics>
<total>
<stat pass="1" fail="0" skip="0">All Tests</stat>
</total>
<tag>
</tag>
<suite>
<stat pass="1" fail="0" skip="0" id="s1" name="Key">Key</stat>
</suite>
</statistics>
<errors>
<msg timestamp="20210612 23:15:23.289" level="ERROR">evaluate 10+15</msg>
</errors>
</robot>
