<?xml version="1.0" encoding="UTF-8"?>
<robot generator="Robot 4.0.3 (Python 3.7.9 on win32)" generated="20210528 08:30:35.998" rpa="false" schemaversion="2">
<suite id="s1" name="1 Simple If Statement" source="C:\Users\smellamp\OneDrive - Cisco\Documents\ONLINE_CLASS\2_ROBOT\2_if_else\1_simple_if_statement.robot">
<test id="s1-t1" name="IF Statement">
<kw name="Run Keyword If" library="BuiltIn">
<arg>2 == 2</arg>
<arg>Addition</arg>
<doc>Runs the given keyword with the given arguments, if ``condition`` is true.</doc>
<kw name="Addition">
<kw name="Evaluate" library="BuiltIn">
<var>${RV}</var>
<arg>5 + 6</arg>
<doc>Evaluates the given expression in Python and returns the result.</doc>
<msg timestamp="20210528 08:30:36.036" level="INFO">${RV} = 11</msg>
<status status="PASS" starttime="20210528 08:30:36.036" endtime="20210528 08:30:36.036"/>
</kw>
<kw name="Log" library="BuiltIn">
<arg>\nAddition of 5 + 6 = ${RV}</arg>
<arg>WARN</arg>
<doc>Logs the given message with the given level.</doc>
<msg timestamp="20210528 08:30:36.036" level="WARN">
Addition of 5 + 6 = 11</msg>
<status status="PASS" starttime="20210528 08:30:36.036" endtime="20210528 08:30:36.037"/>
</kw>
<status status="PASS" starttime="20210528 08:30:36.035" endtime="20210528 08:30:36.038"/>
</kw>
<status status="PASS" starttime="20210528 08:30:36.035" endtime="20210528 08:30:36.038"/>
</kw>
<status status="PASS" starttime="20210528 08:30:36.034" endtime="20210528 08:30:36.038"/>
</test>
<doc>To know how to do conditional operations</doc>
<status status="PASS" starttime="20210528 08:30:36.002" endtime="20210528 08:30:36.039"/>
</suite>
<statistics>
<total>
<stat pass="1" fail="0" skip="0">All Tests</stat>
</total>
<tag>
</tag>
<suite>
<stat pass="1" fail="0" skip="0" id="s1" name="1 Simple If Statement">1 Simple If Statement</stat>
</suite>
</statistics>
<errors>
<msg timestamp="20210528 08:30:36.036" level="WARN">
Addition of 5 + 6 = 11</msg>
</errors>
</robot>
