<?xml version="1.0" encoding="UTF-8"?>
<robot generator="Robot 4.0.3 (Python 3.9.2 on win32)" generated="20210529 22:12:31.398" rpa="false" schemaversion="2">
<suite id="s1" name="1 For Loop With List" source="D:\PYTHON_WORLD\ROBOT\3_Loops\1_for_loop_with_list.robot">
<test id="s1-t1" name="For Loop with list">
<for flavor="IN">
<var>${name}</var>
<value>@{names}</value>
<iter>
<var name="${name}">sriram</var>
<kw name="Log" library="BuiltIn">
<arg>${name}</arg>
<arg>WARN</arg>
<doc>Logs the given message with the given level.</doc>
<msg timestamp="20210529 22:12:31.413" level="WARN">sriram</msg>
<status status="PASS" starttime="20210529 22:12:31.413" endtime="20210529 22:12:31.413"/>
</kw>
<status status="PASS" starttime="20210529 22:12:31.413" endtime="20210529 22:12:31.413"/>
</iter>
<iter>
<var name="${name}">kumar</var>
<kw name="Log" library="BuiltIn">
<arg>${name}</arg>
<arg>WARN</arg>
<doc>Logs the given message with the given level.</doc>
<msg timestamp="20210529 22:12:31.413" level="WARN">kumar</msg>
<status status="PASS" starttime="20210529 22:12:31.413" endtime="20210529 22:12:31.413"/>
</kw>
<status status="PASS" starttime="20210529 22:12:31.413" endtime="20210529 22:12:31.413"/>
</iter>
<iter>
<var name="${name}">balu</var>
<kw name="Log" library="BuiltIn">
<arg>${name}</arg>
<arg>WARN</arg>
<doc>Logs the given message with the given level.</doc>
<msg timestamp="20210529 22:12:31.429" level="WARN">balu</msg>
<status status="PASS" starttime="20210529 22:12:31.413" endtime="20210529 22:12:31.429"/>
</kw>
<status status="PASS" starttime="20210529 22:12:31.413" endtime="20210529 22:12:31.429"/>
</iter>
<iter>
<var name="${name}">nagesh</var>
<kw name="Log" library="BuiltIn">
<arg>${name}</arg>
<arg>WARN</arg>
<doc>Logs the given message with the given level.</doc>
<msg timestamp="20210529 22:12:31.429" level="WARN">nagesh</msg>
<status status="PASS" starttime="20210529 22:12:31.429" endtime="20210529 22:12:31.429"/>
</kw>
<status status="PASS" starttime="20210529 22:12:31.429" endtime="20210529 22:12:31.429"/>
</iter>
<status status="PASS" starttime="20210529 22:12:31.413" endtime="20210529 22:12:31.429"/>
</for>
<status status="PASS" starttime="20210529 22:12:31.413" endtime="20210529 22:12:31.429"/>
</test>
<doc>Loop operations using list</doc>
<status status="PASS" starttime="20210529 22:12:31.398" endtime="20210529 22:12:31.429"/>
</suite>
<statistics>
<total>
<stat pass="1" fail="0" skip="0">All Tests</stat>
</total>
<tag>
</tag>
<suite>
<stat pass="1" fail="0" skip="0" id="s1" name="1 For Loop With List">1 For Loop With List</stat>
</suite>
</statistics>
<errors>
<msg timestamp="20210529 22:12:31.413" level="WARN">sriram</msg>
<msg timestamp="20210529 22:12:31.413" level="WARN">kumar</msg>
<msg timestamp="20210529 22:12:31.429" level="WARN">balu</msg>
<msg timestamp="20210529 22:12:31.429" level="WARN">nagesh</msg>
</errors>
</robot>
