<?xml version="1.0" encoding="UTF-8"?>
<robot generator="Robot 4.0.3 (Python 3.9.2 on win32)" generated="20210601 14:58:59.347" rpa="false" schemaversion="2">
<suite id="s1" name="1 Test setup teardown" source="D:\PYTHON_WORLD\ROBOT\8_Setup_teardown\1_Test_setup_teardown.robot">
<test id="s1-t1" name="Testcase1">
<kw name="Log" library="BuiltIn" type="SETUP">
<arg>Setup FOR FIRST TEST CASE</arg>
<arg>WARN</arg>
<doc>Logs the given message with the given level.</doc>
<msg timestamp="20210601 14:58:59.487" level="WARN">Setup FOR FIRST TEST CASE</msg>
<status status="PASS" starttime="20210601 14:58:59.487" endtime="20210601 14:58:59.487"/>
</kw>
<kw name="Log" library="BuiltIn">
<arg>Test Case : 1</arg>
<arg>ERROR</arg>
<doc>Logs the given message with the given level.</doc>
<msg timestamp="20210601 14:58:59.487" level="ERROR">Test Case : 1</msg>
<status status="PASS" starttime="20210601 14:58:59.487" endtime="20210601 14:58:59.487"/>
</kw>
<kw name="Log" library="BuiltIn" type="TEARDOWN">
<arg>Teardown FOR FIRST TEST CASE</arg>
<arg>WARN</arg>
<doc>Logs the given message with the given level.</doc>
<msg timestamp="20210601 14:58:59.487" level="WARN">Teardown FOR FIRST TEST CASE</msg>
<status status="PASS" starttime="20210601 14:58:59.487" endtime="20210601 14:58:59.487"/>
</kw>
<status status="PASS" starttime="20210601 14:58:59.487" endtime="20210601 14:58:59.487"/>
</test>
<test id="s1-t2" name="Testcase2">
<kw name="Log" library="BuiltIn" type="SETUP">
<arg>Setup FOR SECOND TEST CASE</arg>
<arg>WARN</arg>
<doc>Logs the given message with the given level.</doc>
<msg timestamp="20210601 14:58:59.503" level="WARN">Setup FOR SECOND TEST CASE</msg>
<status status="PASS" starttime="20210601 14:58:59.503" endtime="20210601 14:58:59.503"/>
</kw>
<kw name="Log" library="BuiltIn">
<arg>Test Case : 2</arg>
<arg>ERROR</arg>
<doc>Logs the given message with the given level.</doc>
<msg timestamp="20210601 14:58:59.503" level="ERROR">Test Case : 2</msg>
<status status="PASS" starttime="20210601 14:58:59.503" endtime="20210601 14:58:59.503"/>
</kw>
<kw name="Teardown Section" type="TEARDOWN">
<kw name="Log" library="BuiltIn">
<arg>TEARDOWN SECTION</arg>
<arg>WARN</arg>
<doc>Logs the given message with the given level.</doc>
<msg timestamp="20210601 14:58:59.503" level="WARN">TEARDOWN SECTION</msg>
<status status="PASS" starttime="20210601 14:58:59.503" endtime="20210601 14:58:59.503"/>
</kw>
<kw name="Log" library="BuiltIn">
<arg>ok</arg>
<doc>Logs the given message with the given level.</doc>
<msg timestamp="20210601 14:58:59.503" level="INFO">ok</msg>
<status status="PASS" starttime="20210601 14:58:59.503" endtime="20210601 14:58:59.503"/>
</kw>
<status status="PASS" starttime="20210601 14:58:59.503" endtime="20210601 14:58:59.503"/>
</kw>
<status status="PASS" starttime="20210601 14:58:59.487" endtime="20210601 14:58:59.503"/>
</test>
<doc>* To know how to use setup and teardown options *</doc>
<status status="PASS" starttime="20210601 14:58:59.347" endtime="20210601 14:58:59.503"/>
</suite>
<statistics>
<total>
<stat pass="2" fail="0" skip="0">All Tests</stat>
</total>
<tag>
</tag>
<suite>
<stat pass="2" fail="0" skip="0" id="s1" name="1 Test setup teardown">1 Test setup teardown</stat>
</suite>
</statistics>
<errors>
<msg timestamp="20210601 14:58:59.487" level="WARN">Setup FOR FIRST TEST CASE</msg>
<msg timestamp="20210601 14:58:59.487" level="ERROR">Test Case : 1</msg>
<msg timestamp="20210601 14:58:59.487" level="WARN">Teardown FOR FIRST TEST CASE</msg>
<msg timestamp="20210601 14:58:59.503" level="WARN">Setup FOR SECOND TEST CASE</msg>
<msg timestamp="20210601 14:58:59.503" level="ERROR">Test Case : 2</msg>
<msg timestamp="20210601 14:58:59.503" level="WARN">TEARDOWN SECTION</msg>
</errors>
</robot>
