<?xml version="1.0" encoding="UTF-8"?>
<robot generator="Robot 4.0.3 (Python 3.9.2 on win32)" generated="20210530 15:25:04.720" rpa="false" schemaversion="2">
<suite id="s1" name="TEST SUITE" source="D:\PYTHON_WORLD\ROBOT\6_Library\TEST_SUITE.robot">
<test id="s1-t1" name="Calling Python Function">
<kw name="Emp Details" library="common_library">
<msg timestamp="20210530 15:25:04.751" level="INFO">emp name is : SRIRAM</msg>
<status status="PASS" starttime="20210530 15:25:04.751" endtime="20210530 15:25:04.751"/>
</kw>
<status status="PASS" starttime="20210530 15:25:04.751" endtime="20210530 15:25:04.751"/>
</test>
<doc>To know how to import library files</doc>
<status status="PASS" starttime="20210530 15:25:04.735" endtime="20210530 15:25:04.751"/>
</suite>
<statistics>
<total>
<stat pass="1" fail="0" skip="0">All Tests</stat>
</total>
<tag>
</tag>
<suite>
<stat pass="1" fail="0" skip="0" id="s1" name="TEST SUITE">TEST SUITE</stat>
</suite>
</statistics>
<errors>
</errors>
</robot>
