<?xml version="1.0" encoding="UTF-8"?>
<robot generator="Robot 4.0.3 (Python 3.9.2 on win32)" generated="20210613 12:59:45.944" rpa="false" schemaversion="2">
<suite id="s1" name="File" source="C:\Users\Nithin\PycharmProjects\pythonProject\PYTHON_WORLD\6_practice\robot\library\file.robot">
<test id="s1-t1" name="rob">
<kw name="User" library="newlibrary">
<msg timestamp="20210613 12:59:46.022" level="INFO">username is:  nithin</msg>
<status status="PASS" starttime="20210613 12:59:46.022" endtime="20210613 12:59:46.022"/>
</kw>
<status status="PASS" starttime="20210613 12:59:46.022" endtime="20210613 12:59:46.022"/>
</test>
<doc>importing python Library</doc>
<status status="PASS" starttime="20210613 12:59:45.944" endtime="20210613 12:59:46.022"/>
</suite>
<statistics>
<total>
<stat pass="1" fail="0" skip="0">All Tests</stat>
</total>
<tag>
</tag>
<suite>
<stat pass="1" fail="0" skip="0" id="s1" name="File">File</stat>
</suite>
</statistics>
<errors>
</errors>
</robot>
