<?xml version="1.0" encoding="UTF-8"?>
<robot generator="Robot 4.0.3 (Python 3.9.2 on win32)" generated="20210530 15:29:59.099" rpa="false" schemaversion="2">
<suite id="s1" name="TEST SUITE" source="D:\PYTHON_WORLD\ROBOT\7_Variables\TEST_SUITE.robot">
<test id="s1-t1" name="Get Variables">
<kw name="Log" library="BuiltIn">
<arg>${NAME}</arg>
<arg>WARN</arg>
<doc>Logs the given message with the given level.</doc>
<msg timestamp="20210530 15:29:59.131" level="WARN">kumar</msg>
<status status="PASS" starttime="20210530 15:29:59.131" endtime="20210530 15:29:59.131"/>
</kw>
<kw name="Log" library="BuiltIn">
<arg>${no}</arg>
<arg>WARN</arg>
<doc>Logs the given message with the given level.</doc>
<msg timestamp="20210530 15:29:59.131" level="WARN">345</msg>
<status status="PASS" starttime="20210530 15:29:59.131" endtime="20210530 15:29:59.131"/>
</kw>
<kw name="Log" library="BuiltIn">
<arg>${names}</arg>
<arg>WARN</arg>
<doc>Logs the given message with the given level.</doc>
<msg timestamp="20210530 15:29:59.131" level="WARN">['sriram', 'kumar', 'balu', 'nagesh']</msg>
<status status="PASS" starttime="20210530 15:29:59.131" endtime="20210530 15:29:59.131"/>
</kw>
<kw name="Log" library="BuiltIn">
<arg>${emp_det}</arg>
<arg>WARN</arg>
<doc>Logs the given message with the given level.</doc>
<msg timestamp="20210530 15:29:59.131" level="WARN">{'name': 'sriram', 'eid': 34, 'dname': 'IT'}</msg>
<status status="PASS" starttime="20210530 15:29:59.131" endtime="20210530 15:29:59.131"/>
</kw>
<status status="PASS" starttime="20210530 15:29:59.131" endtime="20210530 15:29:59.131"/>
</test>
<doc>To know how to import variable files</doc>
<status status="PASS" starttime="20210530 15:29:59.099" endtime="20210530 15:29:59.131"/>
</suite>
<statistics>
<total>
<stat pass="1" fail="0" skip="0">All Tests</stat>
</total>
<tag>
</tag>
<suite>
<stat pass="1" fail="0" skip="0" id="s1" name="TEST SUITE">TEST SUITE</stat>
</suite>
</statistics>
<errors>
<msg timestamp="20210530 15:29:59.131" level="WARN">kumar</msg>
<msg timestamp="20210530 15:29:59.131" level="WARN">345</msg>
<msg timestamp="20210530 15:29:59.131" level="WARN">['sriram', 'kumar', 'balu', 'nagesh']</msg>
<msg timestamp="20210530 15:29:59.131" level="WARN">{'name': 'sriram', 'eid': 34, 'dname': 'IT'}</msg>
</errors>
</robot>
